0 info it worked if it ends with ok
1 verbose cli [ 'node', '/usr/local/bin/npm', 'publish' ]
2 info using npm@2.12.1
3 info using node@v0.12.0
4 verbose publish [ '.' ]
5 silly cache add args [ '.', null ]
6 verbose cache add spec .
7 silly cache add parsed spec { raw: '.',
7 silly cache add   scope: null,
7 silly cache add   name: null,
7 silly cache add   rawSpec: '.',
7 silly cache add   spec: '/Volumes/DragonFly/Ysance/workspace/dmp-orchestrator/shared/agent/tasks/grunt-npm-install',
7 silly cache add   type: 'directory' }
8 verbose addLocalDirectory /Users/paul/.npm/grunt-npm-install/1.0.0/package.tgz not in flight; packing
9 verbose tar pack [ '/Users/paul/.npm/grunt-npm-install/1.0.0/package.tgz',
9 verbose tar pack   '/Volumes/DragonFly/Ysance/workspace/dmp-orchestrator/shared/agent/tasks/grunt-npm-install' ]
10 verbose tarball /Users/paul/.npm/grunt-npm-install/1.0.0/package.tgz
11 verbose folder /Volumes/DragonFly/Ysance/workspace/dmp-orchestrator/shared/agent/tasks/grunt-npm-install
12 info prepublish grunt-npm-install@1.0.0
13 verbose addLocalTarball adding from inside cache /Users/paul/.npm/grunt-npm-install/1.0.0/package.tgz
14 silly cache afterAdd grunt-npm-install@1.0.0
15 verbose afterAdd /Users/paul/.npm/grunt-npm-install/1.0.0/package/package.json not in flight; writing
16 verbose afterAdd /Users/paul/.npm/grunt-npm-install/1.0.0/package/package.json written
17 silly publish { name: 'grunt-npm-install',
17 silly publish   version: '1.0.0',
17 silly publish   description: 'Simply runs `npm install`',
17 silly publish   main: 'index.js',
17 silly publish   scripts: { test: 'echo "Error: no test specified" && exit 1' },
17 silly publish   author: { name: 'Paul Varache', email: 'perso@paulvarache.ninja' },
17 silly publish   repository:
17 silly publish    { type: 'git',
17 silly publish      url: 'git+ssh://git@github.com/paulvarache/grunt-npm-inst.git' },
17 silly publish   license: 'ISC',
17 silly publish   gitHead: '186c9e20169b70fdf91b749c6c38d935b5f6603e',
17 silly publish   bugs: { url: 'https://github.com/paulvarache/grunt-npm-inst/issues' },
17 silly publish   readme: 'ERROR: No README data found!',
17 silly publish   homepage: 'https://github.com/paulvarache/grunt-npm-inst#readme',
17 silly publish   _id: 'grunt-npm-install@1.0.0',
17 silly publish   _shasum: '3be28f5081b5d050e79e6af055874739a2b6bfde',
17 silly publish   _from: '.' }
18 verbose getPublishConfig undefined
19 silly mapToRegistry name grunt-npm-install
20 silly mapToRegistry using default registry
21 silly mapToRegistry registry https://registry.npmjs.org/
22 silly mapToRegistry uri https://registry.npmjs.org/grunt-npm-install
23 verbose publish registryBase https://registry.npmjs.org/
24 silly publish uploading /Users/paul/.npm/grunt-npm-install/1.0.0/package.tgz
25 verbose request uri https://registry.npmjs.org/grunt-npm-install
26 verbose request sending authorization for write operation
27 info attempt registry request try #1 at 5:34:33 PM
28 verbose request id 040b8381b562c736
29 http request PUT https://registry.npmjs.org/grunt-npm-install
30 http 403 https://registry.npmjs.org/grunt-npm-install
31 verbose headers { 'content-type': 'application/json',
31 verbose headers   'cache-control': 'max-age=60',
31 verbose headers   'content-length': '109',
31 verbose headers   'accept-ranges': 'bytes',
31 verbose headers   date: 'Tue, 07 Jul 2015 15:34:34 GMT',
31 verbose headers   via: '1.1 varnish',
31 verbose headers   connection: 'keep-alive',
31 verbose headers   'x-served-by': 'cache-fra1242-FRA',
31 verbose headers   'x-cache': 'MISS',
31 verbose headers   'x-cache-hits': '0',
31 verbose headers   'x-timer': 'S1436283273.744325,VS0,VE730' }
32 verbose request invalidating /Users/paul/.npm/registry.npmjs.org/grunt-npm-install on PUT
33 error publish Failed PUT 403
34 verbose stack Error: You do not have permission to publish 'grunt-npm-install'. Are you logged in as the correct user? : grunt-npm-install
34 verbose stack     at CachingRegistryClient.<anonymous> (/usr/local/lib/node_modules/npm/node_modules/npm-registry-client/lib/request.js:247:14)
34 verbose stack     at Request._callback (/usr/local/lib/node_modules/npm/node_modules/npm-registry-client/lib/request.js:170:14)
34 verbose stack     at Request.self.callback (/usr/local/lib/node_modules/npm/node_modules/request/request.js:197:22)
34 verbose stack     at Request.emit (events.js:110:17)
34 verbose stack     at Request.<anonymous> (/usr/local/lib/node_modules/npm/node_modules/request/request.js:1050:14)
34 verbose stack     at Request.emit (events.js:129:20)
34 verbose stack     at IncomingMessage.<anonymous> (/usr/local/lib/node_modules/npm/node_modules/request/request.js:996:12)
34 verbose stack     at IncomingMessage.emit (events.js:129:20)
34 verbose stack     at _stream_readable.js:908:16
34 verbose stack     at process._tickCallback (node.js:355:11)
35 verbose statusCode 403
36 verbose pkgid grunt-npm-install
37 verbose cwd /Volumes/DragonFly/Ysance/workspace/dmp-orchestrator/shared/agent/tasks/grunt-npm-install
38 error Darwin 14.0.0
39 error argv "node" "/usr/local/bin/npm" "publish"
40 error node v0.12.0
41 error npm  v2.12.1
42 error code E403
43 error You do not have permission to publish 'grunt-npm-install'. Are you logged in as the correct user? : grunt-npm-install
44 error If you need help, you may report this error at:
44 error     <https://github.com/npm/npm/issues>
45 verbose exit [ 1, true ]
